  main.cpp
c:\users\alex\stegoalgorithms\stegoalgorithms\stegoalgorithms\lsb.h(13): warning C4267: 'initializing': conversion from 'size_t' to 'int', possible loss of data
c:\users\alex\stegoalgorithms\stegoalgorithms\stegoalgorithms\pvd.h(53): warning C4244: 'return': conversion from 'double' to 'int', possible loss of data
c:\users\alex\stegoalgorithms\stegoalgorithms\stegoalgorithms\pvd.h(70): warning C4244: 'initializing': conversion from 'double' to 'int', possible loss of data
c:\users\alex\stegoalgorithms\stegoalgorithms\stegoalgorithms\pvd.h(71): warning C4244: 'initializing': conversion from 'double' to 'int', possible loss of data
c:\users\alex\stegoalgorithms\stegoalgorithms\stegoalgorithms\pvd.h(92): warning C4267: 'initializing': conversion from 'size_t' to 'int', possible loss of data
c:\users\alex\stegoalgorithms\stegoalgorithms\stegoalgorithms\pvd.h(128): warning C4267: '=': conversion from 'size_t' to 'int', possible loss of data
c:\users\alex\stegoalgorithms\stegoalgorithms\stegoalgorithms\pvd.h(131): warning C4244: '=': conversion from 'double' to 'int', possible loss of data
c:\users\alex\stegoalgorithms\stegoalgorithms\stegoalgorithms\eds.h(119): warning C4267: 'initializing': conversion from 'size_t' to 'int', possible loss of data
c:\users\alex\stegoalgorithms\stegoalgorithms\stegoalgorithms\eds.h(136): warning C4244: 'initializing': conversion from 'double' to 'float', possible loss of data
c:\users\alex\stegoalgorithms\stegoalgorithms\stegoalgorithms\eds.h(146): warning C4267: 'argument': conversion from 'size_t' to 'int', possible loss of data
c:\users\alex\stegoalgorithms\stegoalgorithms\stegoalgorithms\eds.h(175): warning C4244: '=': conversion from 'int' to 'float', possible loss of data
c:\users\alex\stegoalgorithms\stegoalgorithms\stegoalgorithms\eds.h(263): warning C4244: 'argument': conversion from 'float' to 'int', possible loss of data
c:\users\alex\stegoalgorithms\stegoalgorithms\stegoalgorithms\dct.h(75): warning C4554: '&': check operator precedence for possible error; use parentheses to clarify precedence
c:\users\alex\stegoalgorithms\stegoalgorithms\stegoalgorithms\dct.h(188): warning C4554: '&': check operator precedence for possible error; use parentheses to clarify precedence
c:\users\alex\stegoalgorithms\stegoalgorithms\stegoalgorithms\dct.h(189): warning C4554: '&': check operator precedence for possible error; use parentheses to clarify precedence
c:\users\alex\stegoalgorithms\stegoalgorithms\stegoalgorithms\dct.h(194): warning C4554: '&': check operator precedence for possible error; use parentheses to clarify precedence
c:\users\alex\stegoalgorithms\stegoalgorithms\stegoalgorithms\dct.h(220): warning C4101: 'pixelPtr': unreferenced local variable
c:\users\alex\stegoalgorithms\stegoalgorithms\stegoalgorithms\metrics.h(6): warning C4244: 'initializing': conversion from 'double' to 'float', possible loss of data
c:\users\alex\stegoalgorithms\stegoalgorithms\stegoalgorithms\pvd.h(41): warning C4715: 'getFirstGreaterKey': not all control paths return a value
  StegoAlgorithms.vcxproj -> C:\Users\Alex\StegoAlgorithms\StegoAlgorithms\x64\Debug\StegoAlgorithms.exe
