  main.cpp
c:\users\alex\stegoalgorithms\stegoalgorithms\stegoalgorithms\lsb.h(12): warning C4267: 'initializing': conversion from 'size_t' to 'int', possible loss of data
c:\users\alex\stegoalgorithms\stegoalgorithms\stegoalgorithms\pvd.h(61): warning C4244: 'return': conversion from 'double' to 'int', possible loss of data
c:\users\alex\stegoalgorithms\stegoalgorithms\stegoalgorithms\pvd.h(78): warning C4244: 'initializing': conversion from 'double' to 'int', possible loss of data
c:\users\alex\stegoalgorithms\stegoalgorithms\stegoalgorithms\pvd.h(79): warning C4244: 'initializing': conversion from 'double' to 'int', possible loss of data
c:\users\alex\stegoalgorithms\stegoalgorithms\stegoalgorithms\pvd.h(100): warning C4267: 'initializing': conversion from 'size_t' to 'int', possible loss of data
c:\users\alex\stegoalgorithms\stegoalgorithms\stegoalgorithms\pvd.h(136): warning C4267: '=': conversion from 'size_t' to 'int', possible loss of data
c:\users\alex\stegoalgorithms\stegoalgorithms\stegoalgorithms\pvd.h(139): warning C4244: '=': conversion from 'double' to 'int', possible loss of data
c:\users\alex\stegoalgorithms\stegoalgorithms\stegoalgorithms\eds.h(118): warning C4267: 'initializing': conversion from 'size_t' to 'int', possible loss of data
c:\users\alex\stegoalgorithms\stegoalgorithms\stegoalgorithms\eds.h(135): warning C4244: 'initializing': conversion from 'double' to 'float', possible loss of data
c:\users\alex\stegoalgorithms\stegoalgorithms\stegoalgorithms\eds.h(144): warning C4267: 'argument': conversion from 'size_t' to 'int', possible loss of data
c:\users\alex\stegoalgorithms\stegoalgorithms\stegoalgorithms\eds.h(173): warning C4244: '=': conversion from 'int' to 'float', possible loss of data
c:\users\alex\stegoalgorithms\stegoalgorithms\stegoalgorithms\eds.h(258): warning C4244: 'argument': conversion from 'float' to 'int', possible loss of data
c:\users\alex\stegoalgorithms\stegoalgorithms\stegoalgorithms\dct_dc.h(52): warning C4554: '&': check operator precedence for possible error; use parentheses to clarify precedence
c:\users\alex\stegoalgorithms\stegoalgorithms\stegoalgorithms\dct_dc.h(165): warning C4554: '&': check operator precedence for possible error; use parentheses to clarify precedence
c:\users\alex\stegoalgorithms\stegoalgorithms\stegoalgorithms\dct_dc.h(166): warning C4554: '&': check operator precedence for possible error; use parentheses to clarify precedence
c:\users\alex\stegoalgorithms\stegoalgorithms\stegoalgorithms\dct_dc.h(171): warning C4554: '&': check operator precedence for possible error; use parentheses to clarify precedence
c:\users\alex\stegoalgorithms\stegoalgorithms\stegoalgorithms\dct_dc.h(197): warning C4101: 'pixelPtr': unreferenced local variable
c:\users\alex\stegoalgorithms\stegoalgorithms\stegoalgorithms\dct_ac.h(41): warning C4554: '&': check operator precedence for possible error; use parentheses to clarify precedence
c:\users\alex\stegoalgorithms\stegoalgorithms\stegoalgorithms\dct_ac.h(61): warning C4101: 'k': unreferenced local variable
c:\users\alex\stegoalgorithms\stegoalgorithms\stegoalgorithms\dct_ac.h(61): warning C4101: 'l': unreferenced local variable
c:\users\alex\stegoalgorithms\stegoalgorithms\stegoalgorithms\dct_ac.h(149): warning C4554: '&': check operator precedence for possible error; use parentheses to clarify precedence
c:\users\alex\stegoalgorithms\stegoalgorithms\stegoalgorithms\dct_ac.h(172): warning C4101: 'pixelPtr': unreferenced local variable
c:\users\alex\stegoalgorithms\stegoalgorithms\stegoalgorithms\dct_ac.h(168): warning C4101: 'l': unreferenced local variable
c:\users\alex\stegoalgorithms\stegoalgorithms\stegoalgorithms\metrics.h(6): warning C4244: 'initializing': conversion from 'double' to 'float', possible loss of data
c:\users\alex\stegoalgorithms\stegoalgorithms\stegoalgorithms\metrics.h(12): warning C4244: '+=': conversion from 'double' to 'float', possible loss of data
c:\users\alex\stegoalgorithms\stegoalgorithms\stegoalgorithms\metrics.h(20): warning C4244: 'initializing': conversion from 'double' to 'float', possible loss of data
c:\users\alex\stegoalgorithms\stegoalgorithms\stegoalgorithms\pvd.h(49): warning C4715: 'getFirstGreaterKey': not all control paths return a value
  StegoAlgorithms.vcxproj -> C:\Users\Alex\StegoAlgorithms\StegoAlgorithms\x64\Debug\StegoAlgorithms.exe
